<?xml version="1.0" encoding="UTF-8"?>
<robot generator="Robot 4.1 (Python 3.9.7 on win32)" generated="20211003 22:15:48.053" rpa="false" schemaversion="2">
<suite id="s1" name="TC01 valid newcustomer" source="D:\Projects\Central\Practice\Robotpractice_Guru\testcases\TC01_valid_newcustomer.robot">
<test id="s1-t1" name="Create customer with csv">
<kw name="Open browser to page" library="common_keywords" type="SETUP">
<arg>${base_url}</arg>
<kw name="Evaluate" library="BuiltIn">
<var>${options}</var>
<arg>sys.modules['selenium.webdriver'].ChromeOptions()</arg>
<arg>sys</arg>
<doc>Evaluates the given expression in Python and returns the result.</doc>
<msg timestamp="20211003 22:15:48.550" level="INFO">${options} = &lt;selenium.webdriver.chrome.options.Options object at 0x000001FDC00ADDC0&gt;</msg>
<status status="PASS" starttime="20211003 22:15:48.550" endtime="20211003 22:15:48.550"/>
</kw>
<kw name="Create Dictionary" library="BuiltIn">
<var>${exclude}</var>
<arg>"fasp"=True</arg>
<doc>Creates and returns a dictionary based on the given ``items``.</doc>
<msg timestamp="20211003 22:15:48.551" level="INFO">${exclude} = {'"fasp"': 'True'}</msg>
<status status="PASS" starttime="20211003 22:15:48.550" endtime="20211003 22:15:48.551"/>
</kw>
<kw name="Create Dictionary" library="BuiltIn">
<var>${prefs}</var>
<arg>protocol_handler.excluded_schemes=${exclude}</arg>
<doc>Creates and returns a dictionary based on the given ``items``.</doc>
<msg timestamp="20211003 22:15:48.551" level="INFO">${prefs} = {'protocol_handler.excluded_schemes': {'"fasp"': 'True'}}</msg>
<status status="PASS" starttime="20211003 22:15:48.551" endtime="20211003 22:15:48.551"/>
</kw>
<kw name="Call Method" library="BuiltIn">
<arg>${options}</arg>
<arg>add_argument</arg>
<arg>--disable-infobars</arg>
<doc>Calls the named method of the given object with the provided arguments.</doc>
<status status="PASS" starttime="20211003 22:15:48.551" endtime="20211003 22:15:48.551"/>
</kw>
<kw name="Call Method" library="BuiltIn">
<arg>${options}</arg>
<arg>add_experimental_option</arg>
<arg>prefs</arg>
<arg>${prefs}</arg>
<doc>Calls the named method of the given object with the provided arguments.</doc>
<status status="PASS" starttime="20211003 22:15:48.551" endtime="20211003 22:15:48.551"/>
</kw>
<kw name="Create Webdriver" library="SeleniumLibrary">
<arg>Chrome</arg>
<arg>chrome_options=${options}</arg>
<doc>Creates an instance of Selenium WebDriver.</doc>
<msg timestamp="20211003 22:15:48.552" level="INFO">Creating an instance of the Chrome WebDriver.</msg>
<status status="PASS" starttime="20211003 22:15:48.551" endtime="20211003 22:15:49.573"/>
</kw>
<kw name="Maximize Browser Window" library="SeleniumLibrary">
<doc>Maximizes current browser window.</doc>
<status status="PASS" starttime="20211003 22:15:49.573" endtime="20211003 22:15:49.700"/>
</kw>
<kw name="Set Selenium Speed" library="SeleniumLibrary">
<arg>${speed}</arg>
<doc>Sets the delay that is waited after each Selenium command.</doc>
<status status="PASS" starttime="20211003 22:15:49.700" endtime="20211003 22:15:49.700"/>
</kw>
<kw name="Go To" library="SeleniumLibrary">
<arg>${url}</arg>
<doc>Navigates the current browser window to the provided ``url``.</doc>
<msg timestamp="20211003 22:15:49.700" level="INFO">Opening url 'http://www.demo.guru99.com/V4/index.php'</msg>
<status status="PASS" starttime="20211003 22:15:49.700" endtime="20211003 22:16:57.996"/>
</kw>
<status status="PASS" starttime="20211003 22:15:48.550" endtime="20211003 22:16:57.996"/>
</kw>
<kw name="Create new valid customer">
<arg>aaaaa</arg>
<arg>f</arg>
<arg>08/09/1992</arg>
<arg>mydinh</arg>
<arg>ha noi</arg>
<arg>viet nam</arg>
<arg>123456</arg>
<arg>123456789</arg>
<arg>aaa@gmail.com</arg>
<arg>aaa@123</arg>
<kw name="Add new customer" library="newcustomer_page">
<arg>${customer_name}</arg>
<arg>${gender_value}</arg>
<arg>${dob}</arg>
<arg>${address}</arg>
<arg>${city}</arg>
<arg>${state}</arg>
<arg>${pin}</arg>
<arg>${mobilephone}</arg>
<arg>${email}</arg>
<arg>${password}</arg>
<kw name="Login page" library="login_page">
<arg>${userid}</arg>
<arg>${password}</arg>
<kw name="Verify loginpage is loaded" library="login_page">
<kw name="Verify Web Element Is Visible" library="common_keywords">
<arg>${dictLoginPage.logo}</arg>
<kw name="Wait Until Page Contains Element" library="SeleniumLibrary">
<arg>${locator}</arg>
<arg>timeout=${GLOBALTIMEOUT}</arg>
<doc>Waits until the element ``locator`` appears on the current page.</doc>
<status status="PASS" starttime="20211003 22:16:57.999" endtime="20211003 22:16:58.115"/>
</kw>
<kw name="Wait Until Element Is Visible" library="SeleniumLibrary">
<arg>${locator}</arg>
<arg>timeout=${GLOBALTIMEOUT}</arg>
<doc>Waits until the element ``locator`` is visible.</doc>
<status status="PASS" starttime="20211003 22:16:58.115" endtime="20211003 22:16:58.322"/>
</kw>
<status status="PASS" starttime="20211003 22:16:57.998" endtime="20211003 22:16:58.322"/>
</kw>
<kw name="Verify Web Element Is Visible" library="common_keywords">
<arg>${dictLoginPage.guideline}</arg>
<kw name="Wait Until Page Contains Element" library="SeleniumLibrary">
<arg>${locator}</arg>
<arg>timeout=${GLOBALTIMEOUT}</arg>
<doc>Waits until the element ``locator`` appears on the current page.</doc>
<status status="PASS" starttime="20211003 22:16:58.322" endtime="20211003 22:16:58.433"/>
</kw>
<kw name="Wait Until Element Is Visible" library="SeleniumLibrary">
<arg>${locator}</arg>
<arg>timeout=${GLOBALTIMEOUT}</arg>
<doc>Waits until the element ``locator`` is visible.</doc>
<status status="PASS" starttime="20211003 22:16:58.433" endtime="20211003 22:16:58.657"/>
</kw>
<status status="PASS" starttime="20211003 22:16:58.322" endtime="20211003 22:16:58.657"/>
</kw>
<status status="PASS" starttime="20211003 22:16:57.998" endtime="20211003 22:16:58.657"/>
</kw>
<kw name="Input username and password" library="login_page">
<kw name="Input data" library="common_keywords">
<arg>${dictLoginPage.userid}</arg>
<arg>${userid}</arg>
<kw name="Input Text" library="SeleniumLibrary">
<arg>${locator}</arg>
<arg>${input_text}</arg>
<doc>Types the given ``text`` into the text field identified by ``locator``.</doc>
<msg timestamp="20211003 22:16:58.657" level="INFO">Typing text 'mngr357064' into text field 'xpath=//input[@name = "uid"]'.</msg>
<status status="PASS" starttime="20211003 22:16:58.657" endtime="20211003 22:16:58.989"/>
</kw>
<status status="PASS" starttime="20211003 22:16:58.657" endtime="20211003 22:16:58.989"/>
</kw>
<kw name="Input data" library="common_keywords">
<arg>${dictLoginPage.password}</arg>
<arg>${password}</arg>
<kw name="Input Text" library="SeleniumLibrary">
<arg>${locator}</arg>
<arg>${input_text}</arg>
<doc>Types the given ``text`` into the text field identified by ``locator``.</doc>
<msg timestamp="20211003 22:16:58.989" level="INFO">Typing text 'apedYtA' into text field 'xpath=//input[@name = "password"]'.</msg>
<status status="PASS" starttime="20211003 22:16:58.989" endtime="20211003 22:16:59.316"/>
</kw>
<status status="PASS" starttime="20211003 22:16:58.989" endtime="20211003 22:16:59.316"/>
</kw>
<status status="PASS" starttime="20211003 22:16:58.657" endtime="20211003 22:16:59.316"/>
</kw>
<kw name="Verify login successfully or not" library="login_page">
<kw name="Click Element" library="common_keywords">
<arg>${dictLoginPage.loginbutton}</arg>
<arg>3s</arg>
<kw name="Wait Until Element Is Visible" library="SeleniumLibrary">
<arg>${locator}</arg>
<arg>timeout=${timeout}</arg>
<doc>Waits until the element ``locator`` is visible.</doc>
<status status="PASS" starttime="20211003 22:16:59.316" endtime="20211003 22:16:59.537"/>
</kw>
<kw name="Click Element" library="SeleniumLibrary">
<arg>${locator}</arg>
<doc>Click the element identified by ``locator``.</doc>
<msg timestamp="20211003 22:16:59.537" level="INFO">Clicking element 'xpath=//input[@name= "btnLogin"]'.</msg>
<status status="PASS" starttime="20211003 22:16:59.537" endtime="20211003 22:17:00.962"/>
</kw>
<status status="PASS" starttime="20211003 22:16:59.316" endtime="20211003 22:17:00.962"/>
</kw>
<kw name="Verify Web Element Is Visible" library="common_keywords">
<arg>${dictHomePage.welcome}</arg>
<kw name="Wait Until Page Contains Element" library="SeleniumLibrary">
<arg>${locator}</arg>
<arg>timeout=${GLOBALTIMEOUT}</arg>
<doc>Waits until the element ``locator`` appears on the current page.</doc>
<status status="PASS" starttime="20211003 22:17:00.962" endtime="20211003 22:17:01.063"/>
</kw>
<kw name="Wait Until Element Is Visible" library="SeleniumLibrary">
<arg>${locator}</arg>
<arg>timeout=${GLOBALTIMEOUT}</arg>
<doc>Waits until the element ``locator`` is visible.</doc>
<status status="PASS" starttime="20211003 22:17:01.063" endtime="20211003 22:17:01.264"/>
</kw>
<status status="PASS" starttime="20211003 22:17:00.962" endtime="20211003 22:17:01.264"/>
</kw>
<kw name="Verify Web Element Is Visible" library="common_keywords">
<arg>${dictHomePage.welcomemessage}</arg>
<kw name="Wait Until Page Contains Element" library="SeleniumLibrary">
<arg>${locator}</arg>
<arg>timeout=${GLOBALTIMEOUT}</arg>
<doc>Waits until the element ``locator`` appears on the current page.</doc>
<status status="PASS" starttime="20211003 22:17:01.264" endtime="20211003 22:17:01.371"/>
</kw>
<kw name="Wait Until Element Is Visible" library="SeleniumLibrary">
<arg>${locator}</arg>
<arg>timeout=${GLOBALTIMEOUT}</arg>
<doc>Waits until the element ``locator`` is visible.</doc>
<status status="PASS" starttime="20211003 22:17:01.371" endtime="20211003 22:17:01.580"/>
</kw>
<status status="PASS" starttime="20211003 22:17:01.264" endtime="20211003 22:17:01.580"/>
</kw>
<kw name="Verify Web Element Is Visible" library="common_keywords">
<arg>${dictHomePage.logoutbutton}</arg>
<kw name="Wait Until Page Contains Element" library="SeleniumLibrary">
<arg>${locator}</arg>
<arg>timeout=${GLOBALTIMEOUT}</arg>
<doc>Waits until the element ``locator`` appears on the current page.</doc>
<status status="PASS" starttime="20211003 22:17:01.580" endtime="20211003 22:17:01.682"/>
</kw>
<kw name="Wait Until Element Is Visible" library="SeleniumLibrary">
<arg>${locator}</arg>
<arg>timeout=${GLOBALTIMEOUT}</arg>
<doc>Waits until the element ``locator`` is visible.</doc>
<status status="PASS" starttime="20211003 22:17:01.682" endtime="20211003 22:17:01.904"/>
</kw>
<status status="PASS" starttime="20211003 22:17:01.580" endtime="20211003 22:17:01.904"/>
</kw>
<status status="PASS" starttime="20211003 22:16:59.316" endtime="20211003 22:17:01.904"/>
</kw>
<status status="PASS" starttime="20211003 22:16:57.997" endtime="20211003 22:17:01.904"/>
</kw>
<kw name="Go to New customer page" library="home_page">
<kw name="Click Element" library="common_keywords">
<arg>${dictHomePage.newcustomerbutton}</arg>
<arg>10s</arg>
<kw name="Wait Until Element Is Visible" library="SeleniumLibrary">
<arg>${locator}</arg>
<arg>timeout=${timeout}</arg>
<doc>Waits until the element ``locator`` is visible.</doc>
<status status="PASS" starttime="20211003 22:17:01.904" endtime="20211003 22:17:02.113"/>
</kw>
<kw name="Click Element" library="SeleniumLibrary">
<arg>${locator}</arg>
<doc>Click the element identified by ``locator``.</doc>
<msg timestamp="20211003 22:17:02.113" level="INFO">Clicking element 'xpath=//a[contains(text(),'New Customer')]'.</msg>
<status status="PASS" starttime="20211003 22:17:02.113" endtime="20211003 22:17:02.622"/>
</kw>
<status status="PASS" starttime="20211003 22:17:01.904" endtime="20211003 22:17:02.622"/>
</kw>
<status status="PASS" starttime="20211003 22:17:01.904" endtime="20211003 22:17:02.622"/>
</kw>
<kw name="Verify new customer page is loaded" library="newcustomer_page">
<kw name="Verify Web Element Is Visible" library="common_keywords">
<arg>${dictNewCustomerPage.newcustomermessage}</arg>
<kw name="Wait Until Page Contains Element" library="SeleniumLibrary">
<arg>${locator}</arg>
<arg>timeout=${GLOBALTIMEOUT}</arg>
<doc>Waits until the element ``locator`` appears on the current page.</doc>
<status status="PASS" starttime="20211003 22:17:02.622" endtime="20211003 22:17:02.729"/>
</kw>
<kw name="Wait Until Element Is Visible" library="SeleniumLibrary">
<arg>${locator}</arg>
<arg>timeout=${GLOBALTIMEOUT}</arg>
<doc>Waits until the element ``locator`` is visible.</doc>
<status status="PASS" starttime="20211003 22:17:02.729" endtime="20211003 22:17:02.929"/>
</kw>
<status status="PASS" starttime="20211003 22:17:02.622" endtime="20211003 22:17:02.930"/>
</kw>
<kw name="Log To Console" library="BuiltIn">
<arg>"Add new customer is displayed"</arg>
<doc>Logs the given message to the console.</doc>
<status status="PASS" starttime="20211003 22:17:02.930" endtime="20211003 22:17:02.930"/>
</kw>
<kw name="Verify Web Element Is Visible" library="common_keywords">
<arg>${dictNewCustomerPage.customername}</arg>
<kw name="Wait Until Page Contains Element" library="SeleniumLibrary">
<arg>${locator}</arg>
<arg>timeout=${GLOBALTIMEOUT}</arg>
<doc>Waits until the element ``locator`` appears on the current page.</doc>
<status status="PASS" starttime="20211003 22:17:02.931" endtime="20211003 22:17:03.039"/>
</kw>
<kw name="Wait Until Element Is Visible" library="SeleniumLibrary">
<arg>${locator}</arg>
<arg>timeout=${GLOBALTIMEOUT}</arg>
<doc>Waits until the element ``locator`` is visible.</doc>
<status status="PASS" starttime="20211003 22:17:03.039" endtime="20211003 22:17:03.268"/>
</kw>
<status status="PASS" starttime="20211003 22:17:02.930" endtime="20211003 22:17:03.268"/>
</kw>
<kw name="Log To Console" library="BuiltIn">
<arg>"Customer Name box is displayed"</arg>
<doc>Logs the given message to the console.</doc>
<status status="PASS" starttime="20211003 22:17:03.268" endtime="20211003 22:17:03.268"/>
</kw>
<kw name="Verify Web Element Is Visible" library="common_keywords">
<arg>${dictNewCustomerPage.gender}</arg>
<kw name="Wait Until Page Contains Element" library="SeleniumLibrary">
<arg>${locator}</arg>
<arg>timeout=${GLOBALTIMEOUT}</arg>
<doc>Waits until the element ``locator`` appears on the current page.</doc>
<status status="PASS" starttime="20211003 22:17:03.269" endtime="20211003 22:17:03.383"/>
</kw>
<kw name="Wait Until Element Is Visible" library="SeleniumLibrary">
<arg>${locator}</arg>
<arg>timeout=${GLOBALTIMEOUT}</arg>
<doc>Waits until the element ``locator`` is visible.</doc>
<status status="PASS" starttime="20211003 22:17:03.383" endtime="20211003 22:17:03.600"/>
</kw>
<status status="PASS" starttime="20211003 22:17:03.268" endtime="20211003 22:17:03.600"/>
</kw>
<kw name="Log To Console" library="BuiltIn">
<arg>"Gender option is displayed"</arg>
<doc>Logs the given message to the console.</doc>
<status status="PASS" starttime="20211003 22:17:03.600" endtime="20211003 22:17:03.600"/>
</kw>
<kw name="Verify Web Element Is Visible" library="common_keywords">
<arg>${dictNewCustomerPage.dob}</arg>
<kw name="Wait Until Page Contains Element" library="SeleniumLibrary">
<arg>${locator}</arg>
<arg>timeout=${GLOBALTIMEOUT}</arg>
<doc>Waits until the element ``locator`` appears on the current page.</doc>
<status status="PASS" starttime="20211003 22:17:03.601" endtime="20211003 22:17:03.721"/>
</kw>
<kw name="Wait Until Element Is Visible" library="SeleniumLibrary">
<arg>${locator}</arg>
<arg>timeout=${GLOBALTIMEOUT}</arg>
<doc>Waits until the element ``locator`` is visible.</doc>
<status status="PASS" starttime="20211003 22:17:03.721" endtime="20211003 22:17:03.931"/>
</kw>
<status status="PASS" starttime="20211003 22:17:03.601" endtime="20211003 22:17:03.931"/>
</kw>
<kw name="Log To Console" library="BuiltIn">
<arg>"Date of birth selection is displayed"</arg>
<doc>Logs the given message to the console.</doc>
<status status="PASS" starttime="20211003 22:17:03.931" endtime="20211003 22:17:03.931"/>
</kw>
<kw name="Verify Web Element Is Visible" library="common_keywords">
<arg>${dictNewCustomerPage.address}</arg>
<kw name="Wait Until Page Contains Element" library="SeleniumLibrary">
<arg>${locator}</arg>
<arg>timeout=${GLOBALTIMEOUT}</arg>
<doc>Waits until the element ``locator`` appears on the current page.</doc>
<status status="PASS" starttime="20211003 22:17:03.933" endtime="20211003 22:17:04.068"/>
</kw>
<kw name="Wait Until Element Is Visible" library="SeleniumLibrary">
<arg>${locator}</arg>
<arg>timeout=${GLOBALTIMEOUT}</arg>
<doc>Waits until the element ``locator`` is visible.</doc>
<status status="PASS" starttime="20211003 22:17:04.068" endtime="20211003 22:17:04.269"/>
</kw>
<status status="PASS" starttime="20211003 22:17:03.931" endtime="20211003 22:17:04.269"/>
</kw>
<kw name="Log To Console" library="BuiltIn">
<arg>"Address field is displayed"</arg>
<doc>Logs the given message to the console.</doc>
<status status="PASS" starttime="20211003 22:17:04.269" endtime="20211003 22:17:04.269"/>
</kw>
<kw name="Verify Web Element Is Visible" library="common_keywords">
<arg>${dictNewCustomerPage.city}</arg>
<kw name="Wait Until Page Contains Element" library="SeleniumLibrary">
<arg>${locator}</arg>
<arg>timeout=${GLOBALTIMEOUT}</arg>
<doc>Waits until the element ``locator`` appears on the current page.</doc>
<status status="PASS" starttime="20211003 22:17:04.271" endtime="20211003 22:17:04.390"/>
</kw>
<kw name="Wait Until Element Is Visible" library="SeleniumLibrary">
<arg>${locator}</arg>
<arg>timeout=${GLOBALTIMEOUT}</arg>
<doc>Waits until the element ``locator`` is visible.</doc>
<status status="PASS" starttime="20211003 22:17:04.390" endtime="20211003 22:17:04.601"/>
</kw>
<status status="PASS" starttime="20211003 22:17:04.269" endtime="20211003 22:17:04.601"/>
</kw>
<kw name="Log To Console" library="BuiltIn">
<arg>"City field is displayed"</arg>
<doc>Logs the given message to the console.</doc>
<status status="PASS" starttime="20211003 22:17:04.601" endtime="20211003 22:17:04.601"/>
</kw>
<kw name="Verify Web Element Is Visible" library="common_keywords">
<arg>${dictNewCustomerPage.state}</arg>
<kw name="Wait Until Page Contains Element" library="SeleniumLibrary">
<arg>${locator}</arg>
<arg>timeout=${GLOBALTIMEOUT}</arg>
<doc>Waits until the element ``locator`` appears on the current page.</doc>
<status status="PASS" starttime="20211003 22:17:04.603" endtime="20211003 22:17:04.723"/>
</kw>
<kw name="Wait Until Element Is Visible" library="SeleniumLibrary">
<arg>${locator}</arg>
<arg>timeout=${GLOBALTIMEOUT}</arg>
<doc>Waits until the element ``locator`` is visible.</doc>
<status status="PASS" starttime="20211003 22:17:04.723" endtime="20211003 22:17:04.933"/>
</kw>
<status status="PASS" starttime="20211003 22:17:04.601" endtime="20211003 22:17:04.933"/>
</kw>
<kw name="Log To Console" library="BuiltIn">
<arg>"State field is displayed"</arg>
<doc>Logs the given message to the console.</doc>
<status status="PASS" starttime="20211003 22:17:04.933" endtime="20211003 22:17:04.933"/>
</kw>
<kw name="Verify Web Element Is Visible" library="common_keywords">
<arg>${dictNewCustomerPage.pin}</arg>
<kw name="Wait Until Page Contains Element" library="SeleniumLibrary">
<arg>${locator}</arg>
<arg>timeout=${GLOBALTIMEOUT}</arg>
<doc>Waits until the element ``locator`` appears on the current page.</doc>
<status status="PASS" starttime="20211003 22:17:04.934" endtime="20211003 22:17:05.056"/>
</kw>
<kw name="Wait Until Element Is Visible" library="SeleniumLibrary">
<arg>${locator}</arg>
<arg>timeout=${GLOBALTIMEOUT}</arg>
<doc>Waits until the element ``locator`` is visible.</doc>
<status status="PASS" starttime="20211003 22:17:05.056" endtime="20211003 22:17:05.271"/>
</kw>
<status status="PASS" starttime="20211003 22:17:04.933" endtime="20211003 22:17:05.271"/>
</kw>
<kw name="Log To Console" library="BuiltIn">
<arg>"PIN settings is displayed"</arg>
<doc>Logs the given message to the console.</doc>
<status status="PASS" starttime="20211003 22:17:05.271" endtime="20211003 22:17:05.271"/>
</kw>
<kw name="Verify Web Element Is Visible" library="common_keywords">
<arg>${dictNewCustomerPage.mobilephone}</arg>
<kw name="Wait Until Page Contains Element" library="SeleniumLibrary">
<arg>${locator}</arg>
<arg>timeout=${GLOBALTIMEOUT}</arg>
<doc>Waits until the element ``locator`` appears on the current page.</doc>
<status status="PASS" starttime="20211003 22:17:05.271" endtime="20211003 22:17:05.392"/>
</kw>
<kw name="Wait Until Element Is Visible" library="SeleniumLibrary">
<arg>${locator}</arg>
<arg>timeout=${GLOBALTIMEOUT}</arg>
<doc>Waits until the element ``locator`` is visible.</doc>
<status status="PASS" starttime="20211003 22:17:05.392" endtime="20211003 22:17:05.608"/>
</kw>
<status status="PASS" starttime="20211003 22:17:05.271" endtime="20211003 22:17:05.608"/>
</kw>
<kw name="Log To Console" library="BuiltIn">
<arg>"Mobile Phone field is displayed"</arg>
<doc>Logs the given message to the console.</doc>
<status status="PASS" starttime="20211003 22:17:05.608" endtime="20211003 22:17:05.608"/>
</kw>
<kw name="Verify Web Element Is Visible" library="common_keywords">
<arg>${dictNewCustomerPage.email}</arg>
<kw name="Wait Until Page Contains Element" library="SeleniumLibrary">
<arg>${locator}</arg>
<arg>timeout=${GLOBALTIMEOUT}</arg>
<doc>Waits until the element ``locator`` appears on the current page.</doc>
<status status="PASS" starttime="20211003 22:17:05.610" endtime="20211003 22:17:05.724"/>
</kw>
<kw name="Wait Until Element Is Visible" library="SeleniumLibrary">
<arg>${locator}</arg>
<arg>timeout=${GLOBALTIMEOUT}</arg>
<doc>Waits until the element ``locator`` is visible.</doc>
<status status="PASS" starttime="20211003 22:17:05.724" endtime="20211003 22:17:05.950"/>
</kw>
<status status="PASS" starttime="20211003 22:17:05.608" endtime="20211003 22:17:05.950"/>
</kw>
<kw name="Log To Console" library="BuiltIn">
<arg>"Email field is displayed"</arg>
<doc>Logs the given message to the console.</doc>
<status status="PASS" starttime="20211003 22:17:05.950" endtime="20211003 22:17:05.950"/>
</kw>
<kw name="Verify Web Element Is Visible" library="common_keywords">
<arg>${dictNewCustomerPage.password}</arg>
<kw name="Wait Until Page Contains Element" library="SeleniumLibrary">
<arg>${locator}</arg>
<arg>timeout=${GLOBALTIMEOUT}</arg>
<doc>Waits until the element ``locator`` appears on the current page.</doc>
<status status="PASS" starttime="20211003 22:17:05.951" endtime="20211003 22:17:06.073"/>
</kw>
<kw name="Wait Until Element Is Visible" library="SeleniumLibrary">
<arg>${locator}</arg>
<arg>timeout=${GLOBALTIMEOUT}</arg>
<doc>Waits until the element ``locator`` is visible.</doc>
<status status="PASS" starttime="20211003 22:17:06.073" endtime="20211003 22:17:06.273"/>
</kw>
<status status="PASS" starttime="20211003 22:17:05.950" endtime="20211003 22:17:06.273"/>
</kw>
<kw name="Log To Console" library="BuiltIn">
<arg>"Password is displayed"</arg>
<doc>Logs the given message to the console.</doc>
<status status="PASS" starttime="20211003 22:17:06.273" endtime="20211003 22:17:06.273"/>
</kw>
<status status="PASS" starttime="20211003 22:17:02.622" endtime="20211003 22:17:06.273"/>
</kw>
<kw name="Input customer information" library="newcustomer_page">
<arg>${customer_name}</arg>
<arg>${gender_value}</arg>
<arg>${dob}</arg>
<arg>${address}</arg>
<arg>${city}</arg>
<arg>${state}</arg>
<arg>${pin}</arg>
<arg>${mobilephone}</arg>
<arg>${email}</arg>
<arg>${password}</arg>
<kw name="Input data" library="common_keywords">
<arg>${dictNewCustomerPage.customername}</arg>
<arg>${customer_name}</arg>
<kw name="Input Text" library="SeleniumLibrary">
<arg>${locator}</arg>
<arg>${input_text}</arg>
<doc>Types the given ``text`` into the text field identified by ``locator``.</doc>
<msg timestamp="20211003 22:17:06.275" level="INFO">Typing text 'aaaaa' into text field 'xpath=//*[@name='name']'.</msg>
<status status="PASS" starttime="20211003 22:17:06.275" endtime="20211003 22:17:06.637"/>
</kw>
<status status="PASS" starttime="20211003 22:17:06.275" endtime="20211003 22:17:06.637"/>
</kw>
<kw name="Log" library="BuiltIn">
<arg>value.${customer_name}</arg>
<doc>Logs the given message with the given level.</doc>
<msg timestamp="20211003 22:17:06.637" level="INFO">value.aaaaa</msg>
<status status="PASS" starttime="20211003 22:17:06.637" endtime="20211003 22:17:06.637"/>
</kw>
<kw name="Select Radio button" library="common_keywords">
<arg>${dictNewCustomerPage.gender}</arg>
<arg>${gender_value}</arg>
<kw name="Select Radio button" library="common_keywords">
<arg>${locator}</arg>
<arg>${value}</arg>
<kw name="Select Radio button" library="common_keywords">
<arg>${locator}</arg>
<arg>${value}</arg>
<kw name="Select Radio button" library="common_keywords">
<arg>${locator}</arg>
<arg>${value}</arg>
<kw name="Select Radio button" library="common_keywords">
<arg>${locator}</arg>
<arg>${value}</arg>
<kw name="Select Radio button" library="common_keywords">
<arg>${locator}</arg>
<arg>${value}</arg>
<kw name="Select Radio button" library="common_keywords">
<arg>${locator}</arg>
<arg>${value}</arg>
<kw name="Select Radio button" library="common_keywords">
<arg>${locator}</arg>
<arg>${value}</arg>
<kw name="Select Radio button" library="common_keywords">
<arg>${locator}</arg>
<arg>${value}</arg>
<kw name="Select Radio button" library="common_keywords">
<arg>${locator}</arg>
<arg>${value}</arg>
<kw name="Select Radio button" library="common_keywords">
<arg>${locator}</arg>
<arg>${value}</arg>
<kw name="Select Radio button" library="common_keywords">
<arg>${locator}</arg>
<arg>${value}</arg>
<kw name="Select Radio button" library="common_keywords">
<arg>${locator}</arg>
<arg>${value}</arg>
<kw name="Select Radio button" library="common_keywords">
<arg>${locator}</arg>
<arg>${value}</arg>
<kw name="Select Radio button" library="common_keywords">
<arg>${locator}</arg>
<arg>${value}</arg>
<kw name="Select Radio button" library="common_keywords">
<arg>${locator}</arg>
<arg>${value}</arg>
<kw name="Select Radio button" library="common_keywords">
<arg>${locator}</arg>
<arg>${value}</arg>
<kw name="Select Radio button" library="common_keywords">
<arg>${locator}</arg>
<arg>${value}</arg>
<kw name="Select Radio button" library="common_keywords">
<arg>${locator}</arg>
<arg>${value}</arg>
<kw name="Select Radio button" library="common_keywords">
<arg>${locator}</arg>
<arg>${value}</arg>
<kw name="Select Radio button" library="common_keywords">
<arg>${locator}</arg>
<arg>${value}</arg>
<kw name="Select Radio button" library="common_keywords">
<arg>${locator}</arg>
<arg>${value}</arg>
<kw name="Select Radio button" library="common_keywords">
<arg>${locator}</arg>
<arg>${value}</arg>
<kw name="Select Radio button" library="common_keywords">
<arg>${locator}</arg>
<arg>${value}</arg>
<kw name="Select Radio button" library="common_keywords">
<arg>${locator}</arg>
<arg>${value}</arg>
<kw name="Select Radio button" library="common_keywords">
<arg>${locator}</arg>
<arg>${value}</arg>
<kw name="Select Radio button" library="common_keywords">
<arg>${locator}</arg>
<arg>${value}</arg>
<kw name="Select Radio button" library="common_keywords">
<arg>${locator}</arg>
<arg>${value}</arg>
<kw name="Select Radio button" library="common_keywords">
<arg>${locator}</arg>
<arg>${value}</arg>
<kw name="Select Radio button" library="common_keywords">
<arg>${locator}</arg>
<arg>${value}</arg>
<kw name="Select Radio button" library="common_keywords">
<arg>${locator}</arg>
<arg>${value}</arg>
<kw name="Select Radio button" library="common_keywords">
<arg>${locator}</arg>
<arg>${value}</arg>
<kw name="Select Radio button" library="common_keywords">
<arg>${locator}</arg>
<arg>${value}</arg>
<kw name="Select Radio button" library="common_keywords">
<arg>${locator}</arg>
<arg>${value}</arg>
<kw name="Select Radio button" library="common_keywords">
<arg>${locator}</arg>
<arg>${value}</arg>
<kw name="Select Radio button" library="common_keywords">
<arg>${locator}</arg>
<arg>${value}</arg>
<kw name="Select Radio button" library="common_keywords">
<arg>${locator}</arg>
<arg>${value}</arg>
<kw name="Select Radio button" library="common_keywords">
<arg>${locator}</arg>
<arg>${value}</arg>
<kw name="Select Radio button" library="common_keywords">
<arg>${locator}</arg>
<arg>${value}</arg>
<msg timestamp="20211003 22:17:06.647" level="FAIL">Maximum limit of started keywords exceeded.</msg>
<status status="FAIL" starttime="20211003 22:17:06.647" endtime="20211003 22:17:06.647"/>
</kw>
<status status="FAIL" starttime="20211003 22:17:06.646" endtime="20211003 22:17:06.647"/>
</kw>
<status status="FAIL" starttime="20211003 22:17:06.646" endtime="20211003 22:17:06.647"/>
</kw>
<status status="FAIL" starttime="20211003 22:17:06.646" endtime="20211003 22:17:06.647"/>
</kw>
<status status="FAIL" starttime="20211003 22:17:06.646" endtime="20211003 22:17:06.647"/>
</kw>
<status status="FAIL" starttime="20211003 22:17:06.645" endtime="20211003 22:17:06.647"/>
</kw>
<status status="FAIL" starttime="20211003 22:17:06.645" endtime="20211003 22:17:06.647"/>
</kw>
<status status="FAIL" starttime="20211003 22:17:06.645" endtime="20211003 22:17:06.647"/>
</kw>
<status status="FAIL" starttime="20211003 22:17:06.645" endtime="20211003 22:17:06.648"/>
</kw>
<status status="FAIL" starttime="20211003 22:17:06.645" endtime="20211003 22:17:06.648"/>
</kw>
<status status="FAIL" starttime="20211003 22:17:06.644" endtime="20211003 22:17:06.648"/>
</kw>
<status status="FAIL" starttime="20211003 22:17:06.644" endtime="20211003 22:17:06.648"/>
</kw>
<status status="FAIL" starttime="20211003 22:17:06.644" endtime="20211003 22:17:06.648"/>
</kw>
<status status="FAIL" starttime="20211003 22:17:06.644" endtime="20211003 22:17:06.648"/>
</kw>
<status status="FAIL" starttime="20211003 22:17:06.643" endtime="20211003 22:17:06.648"/>
</kw>
<status status="FAIL" starttime="20211003 22:17:06.643" endtime="20211003 22:17:06.648"/>
</kw>
<status status="FAIL" starttime="20211003 22:17:06.643" endtime="20211003 22:17:06.648"/>
</kw>
<status status="FAIL" starttime="20211003 22:17:06.642" endtime="20211003 22:17:06.648"/>
</kw>
<status status="FAIL" starttime="20211003 22:17:06.642" endtime="20211003 22:17:06.648"/>
</kw>
<status status="FAIL" starttime="20211003 22:17:06.642" endtime="20211003 22:17:06.648"/>
</kw>
<status status="FAIL" starttime="20211003 22:17:06.642" endtime="20211003 22:17:06.648"/>
</kw>
<status status="FAIL" starttime="20211003 22:17:06.641" endtime="20211003 22:17:06.648"/>
</kw>
<status status="FAIL" starttime="20211003 22:17:06.641" endtime="20211003 22:17:06.649"/>
</kw>
<status status="FAIL" starttime="20211003 22:17:06.641" endtime="20211003 22:17:06.649"/>
</kw>
<status status="FAIL" starttime="20211003 22:17:06.641" endtime="20211003 22:17:06.649"/>
</kw>
<status status="FAIL" starttime="20211003 22:17:06.641" endtime="20211003 22:17:06.649"/>
</kw>
<status status="FAIL" starttime="20211003 22:17:06.640" endtime="20211003 22:17:06.649"/>
</kw>
<status status="FAIL" starttime="20211003 22:17:06.640" endtime="20211003 22:17:06.649"/>
</kw>
<status status="FAIL" starttime="20211003 22:17:06.640" endtime="20211003 22:17:06.649"/>
</kw>
<status status="FAIL" starttime="20211003 22:17:06.640" endtime="20211003 22:17:06.649"/>
</kw>
<status status="FAIL" starttime="20211003 22:17:06.640" endtime="20211003 22:17:06.649"/>
</kw>
<status status="FAIL" starttime="20211003 22:17:06.639" endtime="20211003 22:17:06.649"/>
</kw>
<status status="FAIL" starttime="20211003 22:17:06.639" endtime="20211003 22:17:06.649"/>
</kw>
<status status="FAIL" starttime="20211003 22:17:06.639" endtime="20211003 22:17:06.649"/>
</kw>
<status status="FAIL" starttime="20211003 22:17:06.639" endtime="20211003 22:17:06.649"/>
</kw>
<status status="FAIL" starttime="20211003 22:17:06.638" endtime="20211003 22:17:06.649"/>
</kw>
<status status="FAIL" starttime="20211003 22:17:06.638" endtime="20211003 22:17:06.650"/>
</kw>
<status status="FAIL" starttime="20211003 22:17:06.638" endtime="20211003 22:17:06.650"/>
</kw>
<status status="FAIL" starttime="20211003 22:17:06.637" endtime="20211003 22:17:06.650"/>
</kw>
<kw name="Log" library="BuiltIn">
<arg>value.${gender_value}</arg>
<doc>Logs the given message with the given level.</doc>
<status status="NOT RUN" starttime="20211003 22:17:06.650" endtime="20211003 22:17:06.650"/>
</kw>
<kw name="Input data" library="common_keywords">
<arg>${dictNewCustomerPage.dob}</arg>
<arg>${dob}</arg>
<status status="NOT RUN" starttime="20211003 22:17:06.650" endtime="20211003 22:17:06.650"/>
</kw>
<kw name="Log" library="BuiltIn">
<arg>value.${dob}</arg>
<doc>Logs the given message with the given level.</doc>
<status status="NOT RUN" starttime="20211003 22:17:06.650" endtime="20211003 22:17:06.650"/>
</kw>
<kw name="Input data" library="common_keywords">
<arg>${dictNewCustomerPage.address}</arg>
<arg>${address}</arg>
<status status="NOT RUN" starttime="20211003 22:17:06.650" endtime="20211003 22:17:06.650"/>
</kw>
<kw name="Log" library="BuiltIn">
<arg>value.${address}</arg>
<doc>Logs the given message with the given level.</doc>
<status status="NOT RUN" starttime="20211003 22:17:06.650" endtime="20211003 22:17:06.650"/>
</kw>
<kw name="Input data" library="common_keywords">
<arg>${dictNewCustomerPage.city}</arg>
<arg>${city}</arg>
<status status="NOT RUN" starttime="20211003 22:17:06.650" endtime="20211003 22:17:06.650"/>
</kw>
<kw name="Log" library="BuiltIn">
<arg>value.${city}</arg>
<doc>Logs the given message with the given level.</doc>
<status status="NOT RUN" starttime="20211003 22:17:06.650" endtime="20211003 22:17:06.650"/>
</kw>
<kw name="Input data" library="common_keywords">
<arg>${dictNewCustomerPage.state}</arg>
<arg>${state}</arg>
<status status="NOT RUN" starttime="20211003 22:17:06.650" endtime="20211003 22:17:06.650"/>
</kw>
<kw name="Log" library="BuiltIn">
<arg>value.${state}</arg>
<doc>Logs the given message with the given level.</doc>
<status status="NOT RUN" starttime="20211003 22:17:06.651" endtime="20211003 22:17:06.651"/>
</kw>
<kw name="Input data" library="common_keywords">
<arg>${dictNewCustomerPage.pin}</arg>
<arg>${pin}</arg>
<status status="NOT RUN" starttime="20211003 22:17:06.651" endtime="20211003 22:17:06.651"/>
</kw>
<kw name="Log" library="BuiltIn">
<arg>value.${pin}</arg>
<doc>Logs the given message with the given level.</doc>
<status status="NOT RUN" starttime="20211003 22:17:06.651" endtime="20211003 22:17:06.651"/>
</kw>
<kw name="Input data" library="common_keywords">
<arg>${dictNewCustomerPage.mobilephone}</arg>
<arg>${mobilephone}</arg>
<status status="NOT RUN" starttime="20211003 22:17:06.651" endtime="20211003 22:17:06.651"/>
</kw>
<kw name="Log" library="BuiltIn">
<arg>value.${mobilephone}</arg>
<doc>Logs the given message with the given level.</doc>
<status status="NOT RUN" starttime="20211003 22:17:06.651" endtime="20211003 22:17:06.651"/>
</kw>
<kw name="Input data" library="common_keywords">
<arg>${dictNewCustomerPage.email}</arg>
<arg>${email}</arg>
<status status="NOT RUN" starttime="20211003 22:17:06.651" endtime="20211003 22:17:06.651"/>
</kw>
<kw name="Log" library="BuiltIn">
<arg>value.${email}</arg>
<doc>Logs the given message with the given level.</doc>
<status status="NOT RUN" starttime="20211003 22:17:06.651" endtime="20211003 22:17:06.651"/>
</kw>
<kw name="Input data" library="common_keywords">
<arg>${dictNewCustomerPage.password}</arg>
<arg>${password}</arg>
<status status="NOT RUN" starttime="20211003 22:17:06.651" endtime="20211003 22:17:06.651"/>
</kw>
<kw name="Log" library="BuiltIn">
<arg>value.${password}</arg>
<doc>Logs the given message with the given level.</doc>
<status status="NOT RUN" starttime="20211003 22:17:06.651" endtime="20211003 22:17:06.651"/>
</kw>
<status status="FAIL" starttime="20211003 22:17:06.273" endtime="20211003 22:17:06.651"/>
</kw>
<kw name="Click Submit" library="newcustomer_page">
<status status="NOT RUN" starttime="20211003 22:17:06.651" endtime="20211003 22:17:06.651"/>
</kw>
<status status="FAIL" starttime="20211003 22:16:57.996" endtime="20211003 22:17:06.652"/>
</kw>
<status status="FAIL" starttime="20211003 22:16:57.996" endtime="20211003 22:17:06.652"/>
</kw>
<kw name="Close Browser" library="SeleniumLibrary" type="TEARDOWN">
<doc>Closes the current browser.</doc>
<status status="PASS" starttime="20211003 22:17:06.652" endtime="20211003 22:17:08.796"/>
</kw>
<status status="FAIL" starttime="20211003 22:15:48.549" endtime="20211003 22:17:08.796">Maximum limit of started keywords exceeded.</status>
</test>
<kw name="Close All Browsers" library="SeleniumLibrary" type="TEARDOWN">
<doc>Closes all open browsers and resets the browser cache.</doc>
<status status="PASS" starttime="20211003 22:17:08.797" endtime="20211003 22:17:08.797"/>
</kw>
<status status="FAIL" starttime="20211003 22:15:48.053" endtime="20211003 22:17:08.797"/>
</suite>
<statistics>
<total>
<stat pass="0" fail="1" skip="0">All Tests</stat>
</total>
<tag>
</tag>
<suite>
<stat pass="0" fail="1" skip="0" id="s1" name="TC01 valid newcustomer">TC01 valid newcustomer</stat>
</suite>
</statistics>
<errors>
<msg timestamp="20211003 22:15:48.502" level="ERROR">Error in file 'D:\Projects\Central\Practice\Robotpractice_Guru\resources\imports_resources.robot' on line 9: Importing library 'AppiumLibrary' failed: ModuleNotFoundError: No module named 'AppiumLibrary'
Traceback (most recent call last):
  None
PYTHONPATH:
  C:\Users\PC\AppData\Local\Programs\Python\Python39\Scripts\robot.exe
  C:\Users\PC\AppData\Local\Programs\Python\Python39\python39.zip
  C:\Users\PC\AppData\Local\Programs\Python\Python39\DLLs
  C:\Users\PC\AppData\Local\Programs\Python\Python39\lib
  C:\Users\PC\AppData\Local\Programs\Python\Python39
  C:\Users\PC\AppData\Local\Programs\Python\Python39\lib\site-packages</msg>
<msg timestamp="20211003 22:15:48.519" level="ERROR">Error in file 'D:\Projects\Central\Practice\Robotpractice_Guru\resources\imports_resources.robot' on line 10: Importing library 'TemplatedData' failed: ModuleNotFoundError: No module named 'TemplatedData'
Traceback (most recent call last):
  None
PYTHONPATH:
  C:\Users\PC\AppData\Local\Programs\Python\Python39\Scripts\robot.exe
  C:\Users\PC\AppData\Local\Programs\Python\Python39\python39.zip
  C:\Users\PC\AppData\Local\Programs\Python\Python39\DLLs
  C:\Users\PC\AppData\Local\Programs\Python\Python39\lib
  C:\Users\PC\AppData\Local\Programs\Python\Python39
  C:\Users\PC\AppData\Local\Programs\Python\Python39\lib\site-packages</msg>
</errors>
</robot>
